<?xml version="1.0" encoding="UTF-8"?>
<!-- Generated by org.testng.reporters.JUnitReportReporter -->
<testsuite hostname="Yashs-MacBook-Air.local" name="CoreJavaBrushups_Streams" tests="1" failures="0" timestamp="31 Jan 2024 11:46:22 GMT" time="0.103" errors="0">
  <testcase name="streamCollect" time="0.103" classname="CoreJavaBrushups_Streams"/>
</testsuite>
